2019-01-07T01:30:56.551Z - normal: Load ~/.CocosCreator/settings.json
2019-01-07T01:30:56.553Z - normal: checking language setting...
2019-01-07T01:30:56.554Z - normal: Language: zh
2019-01-07T01:30:57.067Z - success: protocol editor-framework registered
2019-01-07T01:30:57.067Z - success: protocol app registered
2019-01-07T01:30:57.067Z - success: protocol theme registered
2019-01-07T01:30:57.067Z - success: protocol packages registered
2019-01-07T01:30:57.068Z - success: protocol unpack registerred
2019-01-07T01:30:57.068Z - success: protocol disable-commonjs registerred
2019-01-07T01:30:57.219Z - normal: connected!
2019-01-07T01:30:57.227Z - normal: Check project /Users/jinzhiqiang/webgame/cocosdemo/NewProject_1
2019-01-07T01:30:57.236Z - normal: Initializing project /Users/jinzhiqiang/webgame/cocosdemo/NewProject_1
2019-01-07T01:30:57.241Z - normal: Initializing Cocos2d
2019-01-07T01:30:57.763Z - normal: Initializing Asset Database
2019-01-07T01:30:57.794Z - success: protocol uuid registerred
2019-01-07T01:30:57.795Z - success: protocol db registerred
2019-01-07T01:30:57.795Z - success: protocol thumbnail registerred
2019-01-07T01:30:57.795Z - normal: Loading editor/builtin packages
2019-01-07T01:30:57.913Z - success: assets loaded
2019-01-07T01:30:57.923Z - success: builder loaded
2019-01-07T01:30:57.926Z - success: cocos-analytics loaded
2019-01-07T01:30:57.930Z - success: console loaded
2019-01-07T01:30:57.958Z - success: fb-instant-games loaded
2019-01-07T01:30:57.961Z - success: google-instant-games loaded
2019-01-07T01:30:57.965Z - success: hierarchy loaded
2019-01-07T01:30:57.969Z - success: inspector loaded
2019-01-07T01:30:57.971Z - success: keystore loaded
2019-01-07T01:30:57.974Z - success: node-library loaded
2019-01-07T01:30:57.977Z - success: package-asset loaded
2019-01-07T01:30:57.979Z - success: preferences loaded
2019-01-07T01:30:57.982Z - success: project-exporter loaded
2019-01-07T01:30:57.996Z - success: project-importer loaded
2019-01-07T01:30:58.000Z - success: project-settings loaded
2019-01-07T01:30:58.005Z - success: ui-kit loaded
2019-01-07T01:30:58.008Z - success: scene loaded
2019-01-07T01:30:58.009Z - success: sprite-editor loaded
2019-01-07T01:30:58.013Z - success: store loaded
2019-01-07T01:30:58.018Z - success: timeline loaded
2019-01-07T01:30:58.018Z - normal: Loading builtin packages
2019-01-07T01:30:58.024Z - success: asset-db-debugger loaded
2019-01-07T01:30:58.026Z - success: color-picker loaded
2019-01-07T01:30:58.120Z - success: fb-audience-network loaded
2019-01-07T01:30:58.124Z - success: fb-live-stream loaded
2019-01-07T01:30:58.129Z - success: google-play-instant loaded
2019-01-07T01:30:58.131Z - success: jsb-adapter loaded
2019-01-07T01:30:58.135Z - success: oppo-runtime loaded
2019-01-07T01:30:58.140Z - success: package-manager loaded
2019-01-07T01:30:58.316Z - success: qqplay-adapter loaded
2019-01-07T01:30:58.322Z - success: sdkbox loaded
2019-01-07T01:30:58.328Z - success: tester loaded
2019-01-07T01:30:58.334Z - success: ui-grid loaded
2019-01-07T01:30:58.337Z - success: ui-kit-preview-extra loaded
2019-01-07T01:30:58.342Z - success: ui-kit-preview loaded
2019-01-07T01:30:58.346Z - success: ui-tree loaded
2019-01-07T01:30:58.351Z - success: vivo-runtime loaded
2019-01-07T01:30:58.353Z - success: weapp-adapter loaded
2019-01-07T01:30:59.097Z - normal: Loading packages
2019-01-07T01:30:59.102Z - normal: Watching packages
2019-01-07T01:30:59.185Z - normal: Run Application
2019-01-07T01:31:01.663Z - success: preview server running at http://localhost:7456
2019-01-07T01:33:49.415Z - normal: Start building with options : {
  "actualPlatform": "web-desktop",
  "android-instant": {
    "REMOTE_SERVER_ROOT": "",
    "host": "",
    "pathPattern": "",
    "recordPath": "",
    "scheme": "https",
    "skipRecord": false
  },
  "apiLevel": "",
  "appABIs": [],
  "appKey": "",
  "appSecret": "",
  "buildPath": "/Users/jinzhiqiang/webgame/cocosdemo/NewProject_1/build",
  "debug": false,
  "dest": "/Users/jinzhiqiang/webgame/cocosdemo/NewProject_1/build/web-desktop",
  "embedWebDebugger": false,
  "encryptJs": true,
  "excludeScenes": [],
  "excludedModules": [],
  "fb-instant-games": {},
  "includeAnySDK": false,
  "includeSDKBox": false,
  "inlineSpriteFrames": true,
  "inlineSpriteFrames_native": true,
  "jailbreakPlatform": false,
  "md5Cache": false,
  "mergeStartScene": false,
  "oauthLoginServer": "",
  "optimizeHotUpdate": false,
  "orientation": {
    "landscapeLeft": true,
    "landscapeRight": true,
    "portrait": false,
    "upsideDown": false
  },
  "packageName": "org.cocos2d.NewProject_1",
  "platform": "web-desktop",
  "previewHeight": "720",
  "previewWidth": "1280",
  "privateKey": "",
  "qqplay": {
    "REMOTE_SERVER_ROOT": "",
    "orientation": "portrait"
  },
  "scenes": [
    "569de85d-d11e-4a16-a792-228de8050671"
  ],
  "sourceMaps": false,
  "startScene": "569de85d-d11e-4a16-a792-228de8050671",
  "template": "link",
  "title": "NewProject_1",
  "useDebugKeystore": true,
  "vsVersion": "auto",
  "webOrientation": "auto",
  "wechatgame": {
    "REMOTE_SERVER_ROOT": "",
    "appid": "wx6ac3f5090a6b99c5",
    "orientation": "portrait",
    "subContext": ""
  },
  "xxteaKey": "47bcd169-3a22-41",
  "zipCompressJs": true,
  "project": "/Users/jinzhiqiang/webgame/cocosdemo/NewProject_1",
  "projectName": "NewProject_1",
  "debugBuildWorker": false
}
2019-01-07T01:33:49.418Z - normal: Building /Users/jinzhiqiang/webgame/cocosdemo/NewProject_1
2019-01-07T01:33:49.418Z - normal: Destination /Users/jinzhiqiang/webgame/cocosdemo/NewProject_1/build/web-desktop
2019-01-07T01:33:49.741Z - normal: Delete /Users/jinzhiqiang/webgame/cocosdemo/NewProject_1/build/web-desktop/**/*
2019-01-07T01:33:51.563Z - normal: Start building assets
2019-01-07T01:33:51.563Z - normal: Start spawn build-worker
2019-01-07T01:33:52.125Z - normal: Finish spawn build-worker
2019-01-07T01:33:52.125Z - normal: Start init build-worker
2019-01-07T01:33:54.986Z - normal: Finish init build-worker
2019-01-07T01:33:54.986Z - normal: Start build-assets in worker
2019-01-07T01:33:55.282Z - normal: Finish build-assets in worker
2019-01-07T01:33:55.284Z - normal: Finish building assets
2019-01-07T01:33:55.291Z - normal: Start building plugin scripts
2019-01-07T01:33:55.331Z - normal: Generating main.js from /Applications/CocosCreator.app/Contents/Resources/static/build-templates/shares/main.js
2019-01-07T01:33:55.343Z - normal: Generating html from /Applications/CocosCreator.app/Contents/Resources/static/build-templates/web-desktop/template/index.html
2019-01-07T01:33:55.354Z - normal: Built to "/Users/jinzhiqiang/webgame/cocosdemo/NewProject_1/build/web-desktop" successfully
