2019-01-07T01:13:45.191Z - normal: Load ~/.CocosCreator/settings.json
2019-01-07T01:13:45.193Z - normal: checking language setting...
2019-01-07T01:13:45.193Z - normal: Language: zh
2019-01-07T01:13:45.761Z - success: protocol editor-framework registered
2019-01-07T01:13:45.761Z - success: protocol app registered
2019-01-07T01:13:45.761Z - success: protocol theme registered
2019-01-07T01:13:45.761Z - success: protocol packages registered
2019-01-07T01:13:45.761Z - success: protocol unpack registerred
2019-01-07T01:13:45.762Z - success: protocol disable-commonjs registerred
2019-01-07T01:13:45.884Z - normal: connected!
2019-01-07T01:13:45.886Z - normal: Check project /Users/jinzhiqiang/webgame/start_project
2019-01-07T01:13:45.889Z - normal: Initializing project /Users/jinzhiqiang/webgame/start_project
2019-01-07T01:13:45.892Z - normal: Initializing Cocos2d
2019-01-07T01:13:46.408Z - normal: Initializing Asset Database
2019-01-07T01:13:46.445Z - success: protocol uuid registerred
2019-01-07T01:13:46.445Z - success: protocol db registerred
2019-01-07T01:13:46.446Z - success: protocol thumbnail registerred
2019-01-07T01:13:46.446Z - normal: Loading editor/builtin packages
2019-01-07T01:13:46.565Z - success: assets loaded
2019-01-07T01:13:46.575Z - success: builder loaded
2019-01-07T01:13:46.578Z - success: cocos-analytics loaded
2019-01-07T01:13:46.582Z - success: console loaded
2019-01-07T01:13:46.613Z - success: fb-instant-games loaded
2019-01-07T01:13:46.615Z - success: google-instant-games loaded
2019-01-07T01:13:46.619Z - success: hierarchy loaded
2019-01-07T01:13:46.623Z - success: inspector loaded
2019-01-07T01:13:46.624Z - success: keystore loaded
2019-01-07T01:13:46.628Z - success: node-library loaded
2019-01-07T01:13:46.630Z - success: package-asset loaded
2019-01-07T01:13:46.632Z - success: preferences loaded
2019-01-07T01:13:46.636Z - success: project-exporter loaded
2019-01-07T01:13:46.649Z - success: project-importer loaded
2019-01-07T01:13:46.652Z - success: project-settings loaded
2019-01-07T01:13:46.655Z - success: ui-kit loaded
2019-01-07T01:13:46.659Z - success: scene loaded
2019-01-07T01:13:46.660Z - success: sprite-editor loaded
2019-01-07T01:13:46.664Z - success: store loaded
2019-01-07T01:13:46.668Z - success: timeline loaded
2019-01-07T01:13:46.669Z - normal: Loading builtin packages
2019-01-07T01:13:46.674Z - success: asset-db-debugger loaded
2019-01-07T01:13:46.676Z - success: color-picker loaded
2019-01-07T01:13:46.771Z - success: fb-audience-network loaded
2019-01-07T01:13:46.774Z - success: fb-live-stream loaded
2019-01-07T01:13:46.779Z - success: google-play-instant loaded
2019-01-07T01:13:46.781Z - success: jsb-adapter loaded
2019-01-07T01:13:46.785Z - success: oppo-runtime loaded
2019-01-07T01:13:46.790Z - success: package-manager loaded
2019-01-07T01:13:46.961Z - success: qqplay-adapter loaded
2019-01-07T01:13:46.967Z - success: sdkbox loaded
2019-01-07T01:13:46.972Z - success: tester loaded
2019-01-07T01:13:46.978Z - success: ui-grid loaded
2019-01-07T01:13:46.981Z - success: ui-kit-preview-extra loaded
2019-01-07T01:13:46.985Z - success: ui-kit-preview loaded
2019-01-07T01:13:46.990Z - success: ui-tree loaded
2019-01-07T01:13:46.993Z - success: vivo-runtime loaded
2019-01-07T01:13:46.994Z - success: weapp-adapter loaded
2019-01-07T01:13:47.894Z - normal: Loading packages
2019-01-07T01:13:47.900Z - normal: Watching packages
2019-01-07T01:13:47.986Z - normal: Run Application
2019-01-07T01:13:48.757Z - success: preview server running at http://localhost:7456
2019-01-07T01:15:12.300Z - normal: Start building with options : {
  "actualPlatform": "web-desktop",
  "android-instant": {
    "REMOTE_SERVER_ROOT": "",
    "host": "",
    "pathPattern": "",
    "recordPath": "",
    "scheme": "https",
    "skipRecord": false
  },
  "apiLevel": "",
  "appABIs": [],
  "appKey": "",
  "appSecret": "",
  "buildPath": "/Users/jinzhiqiang/webgame/start_project/build",
  "debug": false,
  "dest": "/Users/jinzhiqiang/webgame/start_project/build/web-desktop",
  "embedWebDebugger": false,
  "encryptJs": true,
  "excludeScenes": [],
  "excludedModules": [],
  "fb-instant-games": {},
  "includeAnySDK": false,
  "includeSDKBox": false,
  "inlineSpriteFrames": true,
  "inlineSpriteFrames_native": true,
  "jailbreakPlatform": false,
  "md5Cache": false,
  "mergeStartScene": false,
  "oauthLoginServer": "",
  "optimizeHotUpdate": false,
  "orientation": {
    "landscapeLeft": true,
    "landscapeRight": true,
    "portrait": false,
    "upsideDown": false
  },
  "packageName": "org.cocos2d.start_project",
  "platform": "web-desktop",
  "previewHeight": "720",
  "previewWidth": "1280",
  "privateKey": "",
  "qqplay": {
    "REMOTE_SERVER_ROOT": "",
    "orientation": "portrait"
  },
  "scenes": [
    "b96307d8-296f-4526-9982-2e06bb7a110c"
  ],
  "sourceMaps": false,
  "startScene": "b96307d8-296f-4526-9982-2e06bb7a110c",
  "template": "link",
  "title": "start_project",
  "useDebugKeystore": true,
  "vsVersion": "auto",
  "webOrientation": "auto",
  "wechatgame": {
    "REMOTE_SERVER_ROOT": "",
    "appid": "wx6ac3f5090a6b99c5",
    "orientation": "portrait",
    "subContext": ""
  },
  "xxteaKey": "a82b144d-f288-4e",
  "zipCompressJs": true,
  "project": "/Users/jinzhiqiang/webgame/start_project",
  "projectName": "start_project",
  "debugBuildWorker": false
}
2019-01-07T01:15:12.303Z - normal: Building /Users/jinzhiqiang/webgame/start_project
2019-01-07T01:15:12.303Z - normal: Destination /Users/jinzhiqiang/webgame/start_project/build/web-desktop
2019-01-07T01:15:12.649Z - normal: Delete /Users/jinzhiqiang/webgame/start_project/build/web-desktop/**/*
2019-01-07T01:15:57.388Z - normal: Start building assets
2019-01-07T01:15:57.390Z - normal: Start spawn build-worker
2019-01-07T01:15:57.955Z - normal: Finish spawn build-worker
2019-01-07T01:15:57.956Z - normal: Start init build-worker
2019-01-07T01:16:00.764Z - normal: Finish init build-worker
2019-01-07T01:16:00.764Z - normal: Start build-assets in worker
2019-01-07T01:16:00.964Z - normal: Finish build-assets in worker
2019-01-07T01:16:00.966Z - normal: Finish building assets
2019-01-07T01:16:00.972Z - normal: Start building plugin scripts
2019-01-07T01:16:01.013Z - normal: Generating main.js from /Applications/CocosCreator.app/Contents/Resources/static/build-templates/shares/main.js
2019-01-07T01:16:01.022Z - normal: Generating html from /Applications/CocosCreator.app/Contents/Resources/static/build-templates/web-desktop/template/index.html
2019-01-07T01:16:01.035Z - normal: Built to "/Users/jinzhiqiang/webgame/start_project/build/web-desktop" successfully
